<?xml version="1.0" encoding="UTF-8"?>
<testng-results skipped="0" failed="0" ignored="0" total="1" passed="1">
  <reporter-output>
  </reporter-output>
  <suite name="Surefire suite" duration-ms="137" started-at="2021-05-20T11:14:59Z" finished-at="2021-05-20T11:14:59Z">
    <groups>
    </groups>
    <test name="Surefire test" duration-ms="137" started-at="2021-05-20T11:14:59Z" finished-at="2021-05-20T11:14:59Z">
      <class name="mavenpack.seliniumproject.AppTest">
        <test-method status="PASS" signature="shouldAnswerWithTrue()" name="shouldAnswerWithTrue" duration-ms="9" started-at="2021-05-20T11:14:59Z" finished-at="2021-05-20T11:14:59Z">
          <reporter-output>
          </reporter-output>
        </test-method> <!-- shouldAnswerWithTrue -->
      </class> <!-- mavenpack.seliniumproject.AppTest -->
    </test> <!-- Surefire test -->
  </suite> <!-- Surefire suite -->
</testng-results>
