<?xml version="1.0" encoding="UTF-8"?>
<!-- Generated by org.testng.reporters.JUnitXMLReporter -->
<testsuite hostname="name" ignored="0" name="batchTest" tests="4" failures="0" timestamp="16 Mar 2021 04:39:33 GMT" time="36.007" errors="0">
  <testcase name="linktesting1" time="1.982" classname="mavenpack.seliniumproject.LinksTesting1"/>
  <testcase name="radioButton1" time="0.337" classname="mavenpack.seliniumproject.RadioButton1"/>
  <testcase name="checkboxTest" time="0.187" classname="mavenpack.seliniumproject.checkbox1"/>
  <testcase name="amazon" time="4.113" classname="mavenpack.seliniumproject.TNG_002"/>
</testsuite> <!-- batchTest -->
